<?xml version="1.0" encoding="UTF-8"?>
<testng-results skipped="0" failed="0" ignored="0" total="1" passed="1">
  <reporter-output>
  </reporter-output>
  <suite name="test" duration-ms="29093" started-at="2022-08-31T01:01:45 IST" finished-at="2022-08-31T01:02:14 IST">
    <groups>
    </groups>
    <test name="Test" duration-ms="29093" started-at="2022-08-31T01:01:45 IST" finished-at="2022-08-31T01:02:14 IST">
      <class name="com.inetbanking.testCases.TC_LoginTest_001">
        <test-method status="PASS" signature="setup(java.lang.String)[pri:0, instance:com.inetbanking.testCases.TC_LoginTest_001@eec5a4a]" name="setup" is-config="true" duration-ms="24190" started-at="2022-08-31T01:01:45 IST" finished-at="2022-08-31T01:02:09 IST">
          <params>
            <param index="0">
              <value>
                <![CDATA[chrome]]>
              </value>
            </param>
          </params>
          <reporter-output>
          </reporter-output>
        </test-method> <!-- setup -->
        <test-method status="PASS" signature="LoginTest()[pri:0, instance:com.inetbanking.testCases.TC_LoginTest_001@eec5a4a]" name="LoginTest" duration-ms="3703" started-at="2022-08-31T01:02:09 IST" finished-at="2022-08-31T01:02:13 IST">
          <reporter-output>
          </reporter-output>
        </test-method> <!-- LoginTest -->
        <test-method status="PASS" signature="tearDown()[pri:0, instance:com.inetbanking.testCases.TC_LoginTest_001@eec5a4a]" name="tearDown" is-config="true" duration-ms="980" started-at="2022-08-31T01:02:13 IST" finished-at="2022-08-31T01:02:14 IST">
          <reporter-output>
          </reporter-output>
        </test-method> <!-- tearDown -->
      </class> <!-- com.inetbanking.testCases.TC_LoginTest_001 -->
    </test> <!-- Test -->
  </suite> <!-- test -->
</testng-results>
