<?xml version="1.0" encoding="UTF-8"?>
<testng-results ignored="0" total="1" passed="1" failed="0" skipped="0">
  <reporter-output>
  </reporter-output>
  <suite started-at="2022-08-31T16:46:37 IST" name="test" finished-at="2022-08-31T16:47:55 IST" duration-ms="78379">
    <groups>
    </groups>
    <test started-at="2022-08-31T16:46:37 IST" name="Test" finished-at="2022-08-31T16:47:55 IST" duration-ms="78379">
      <class name="com.inetbanking.testCases.TC_AddNewCustomer_003">
        <test-method is-config="true" signature="setup(java.lang.String)[pri:0, instance:com.inetbanking.testCases.TC_AddNewCustomer_003@1bb266b3]" started-at="2022-08-31T16:46:37 IST" name="setup" finished-at="2022-08-31T16:46:59 IST" duration-ms="21590" status="PASS">
          <params>
            <param index="0">
              <value>
                <![CDATA[chrome]]>
              </value>
            </param>
          </params>
          <reporter-output>
          </reporter-output>
        </test-method> <!-- setup -->
        <test-method signature="LoginTest()[pri:0, instance:com.inetbanking.testCases.TC_AddNewCustomer_003@1bb266b3]" started-at="2022-08-31T16:46:59 IST" name="LoginTest" finished-at="2022-08-31T16:47:55 IST" duration-ms="56373" status="PASS">
          <reporter-output>
          </reporter-output>
        </test-method> <!-- LoginTest -->
      </class> <!-- com.inetbanking.testCases.TC_AddNewCustomer_003 -->
    </test> <!-- Test -->
  </suite> <!-- test -->
</testng-results>
